<?xml version="1.0" encoding="UTF-8" ?>
<testsuite errors="0" failures="0" hostname="Eduardo-Goncalvess-MacBook-Pro.local" name="com.moovt.DriverPassengerFunctionalTests" tests="12" time="6.776" timestamp="2013-09-03T09:51:01">
  <properties />
  <testcase classname="com.moovt.DriverPassengerFunctionalTests" name="testGetActiveStatusEnumEnglish" time="3.763" />
  <testcase classname="com.moovt.DriverPassengerFunctionalTests" name="testGetActiveStatusEnumPortugues" time="0.087" />
  <testcase classname="com.moovt.DriverPassengerFunctionalTests" name="testGetCarTypeEnumEnglish" time="0.057" />
  <testcase classname="com.moovt.DriverPassengerFunctionalTests" name="testGetCarTypeEnumPortuguese" time="0.08" />
  <testcase classname="com.moovt.DriverPassengerFunctionalTests" name="testCreateUserDriverEnglish" time="0.858" />
  <testcase classname="com.moovt.DriverPassengerFunctionalTests" name="testCreateUserPassengerEnglish" time="0.199" />
  <testcase classname="com.moovt.DriverPassengerFunctionalTests" name="testCreateUserPassengerWithTokenEnglish" time="0.108" />
  <testcase classname="com.moovt.DriverPassengerFunctionalTests" name="testUpdateUserDriverEnglish" time="0.465" />
  <testcase classname="com.moovt.DriverPassengerFunctionalTests" name="testUpdateUserPassengerEnglish" time="0.193" />
  <testcase classname="com.moovt.DriverPassengerFunctionalTests" name="testRetrieveAllUsersrEnglish" time="0.42" />
  <testcase classname="com.moovt.DriverPassengerFunctionalTests" name="testRetrieveUserDetailByIdEnglish" time="0.181" />
  <testcase classname="com.moovt.DriverPassengerFunctionalTests" name="testRetrieveLoggedUserDetailsIdEnglish" time="0.293" />
  <system-out><![CDATA[--Output from testGetActiveStatusEnumEnglish--
Switching to browser client [default]
Creating to new client [default] of type [class com.grailsrocks.functionaltest.client.BrowserClient]

== Making request POST http://localhost:8080/moovt/driver/getActiveStatusEnum parameters: ==
== Request headers: ============================================================
Accept-Language: en-US
Accept-Encoding: gzip, deflate
Content-Type: application/json
Accept: */*
== Content =====================================================================

				{}
				
================================================================================
Interceptor createPage: TopLevelWindow[name=""]
Content of web window [TopLevelWindow[name=""]] changed
== Response was 200 (OK) headers: ==============================================
================================================================================
== Content =====================================================================
{"activeStatuses":[{"code":"ENABLED","description":"Enabled"},{"code":"DISABLED","description":"Disabled"}]}
================================================================================
#
--Output from testGetActiveStatusEnumPortugues--
Switching to browser client [default]
Creating to new client [default] of type [class com.grailsrocks.functionaltest.client.BrowserClient]

== Making request POST http://localhost:8080/moovt/driver/getActiveStatusEnum parameters: ==
== Request headers: ============================================================
Accept-Language: pt-BR
Accept-Encoding: gzip, deflate
Content-Type: application/json
Accept: */*
== Content =====================================================================

				{}
				
================================================================================
Interceptor createPage: TopLevelWindow[name=""]
Content of web window [TopLevelWindow[name=""]] changed
== Response was 200 (OK) headers: ==============================================
================================================================================
== Content =====================================================================
{"activeStatuses":[{"code":"ENABLED","description":"Ativo"},{"code":"DISABLED","description":"Inativo"}]}
================================================================================
#
--Output from testGetCarTypeEnumEnglish--
Switching to browser client [default]
Creating to new client [default] of type [class com.grailsrocks.functionaltest.client.BrowserClient]

== Making request POST http://localhost:8080/moovt/driver/getCarTypeEnum parameters: ==
== Request headers: ============================================================
Accept-Language: en-US
Accept-Encoding: gzip, deflate
Content-Type: application/json
Accept: */*
== Content =====================================================================

				{}
				
================================================================================
Interceptor createPage: TopLevelWindow[name=""]
Content of web window [TopLevelWindow[name=""]] changed
== Response was 200 (OK) headers: ==============================================
================================================================================
== Content =====================================================================
{"carTypes":[{"code":"A_SEDAN","description":"Sedan"},{"code":"B_VAN","description":"Van"},{"code":"C_LIMO","description":"Limo"}]}
================================================================================
#
--Output from testGetCarTypeEnumPortuguese--
Switching to browser client [default]
Creating to new client [default] of type [class com.grailsrocks.functionaltest.client.BrowserClient]

== Making request POST http://localhost:8080/moovt/driver/getCarTypeEnum parameters: ==
== Request headers: ============================================================
Accept-Language: pt-BR
Accept-Encoding: gzip, deflate
Content-Type: application/json
Accept: */*
== Content =====================================================================

				{}
				
================================================================================
Interceptor createPage: TopLevelWindow[name=""]
Content of web window [TopLevelWindow[name=""]] changed
== Response was 200 (OK) headers: ==============================================
================================================================================
== Content =====================================================================
{"carTypes":[{"code":"A_SEDAN","description":"Sedan"},{"code":"B_VAN","description":"Van"},{"code":"C_LIMO","description":"Limo"}]}
================================================================================
#
--Output from testCreateUserDriverEnglish--
Switching to browser client [default]
Creating to new client [default] of type [class com.grailsrocks.functionaltest.client.BrowserClient]

== Making request POST http://localhost:8080/moovt/user/createUser parameters: ==
== Request headers: ============================================================
Accept-Language: en-US
Accept-Encoding: gzip, deflate
Content-Type: application/json
Accept: */*
== Content =====================================================================

				{"tenantname":"MTaxi","firstName":"David","lastName":"Ultrafast","username":"dultrafast","password":"Welcome!1","phone":"773-329-1784","email":"dultrafast@mtaxi.com","locale":"en-US","driver":{"carType" : {"code" : "A_SEDAN","description" : "Sedan"},"servedLocation":{"locationName":"ARua Major Lopes, 55","politicalName":"Belo Horizonte, MG, BR","latitude":-19.9413628,"longitude":-43.9373064,"locationType":"RANGE_INTERPOLATED"},"activeStatus":{"code" : "ENABLED"}}}
				
================================================================================
2013-09-03 04:51:06,007 [http-bio-8080-exec-9] INFO  common.UserController  - createUser params are: [action:createUser, controller:user] and model is : 
				{"tenantname":"MTaxi","firstName":"David","lastName":"Ultrafast","username":"dultrafast","password":"Welcome!1","phone":"773-329-1784","email":"dultrafast@mtaxi.com","locale":"en-US","driver":{"carType" : {"code" : "A_SEDAN","description" : "Sedan"},"servedLocation":{"locationName":"ARua Major Lopes, 55","politicalName":"Belo Horizonte, MG, BR","latitude":-19.9413628,"longitude":-43.9373064,"locationType":"RANGE_INTERPOLATED"},"activeStatus":{"code" : "ENABLED"}}}
				

2013-09-03 04:51:06,105 [http-bio-8080-exec-9] INFO  common.UserController  - Creating a new user and/or driver and/or passenger

Interceptor createPage: TopLevelWindow[name=""]
Content of web window [TopLevelWindow[name=""]] changed
== Response was 200 (OK) headers: ==============================================
================================================================================
== Content =====================================================================
{"result":{"type":"USER","code":"SUCCESS","message":"User dultrafast created"}, "additionalInfo":{"JSESSIONID":"83522057E0B947516874B147009A4454"}}
================================================================================
#
--Output from testCreateUserPassengerEnglish--
Switching to browser client [default]
Creating to new client [default] of type [class com.grailsrocks.functionaltest.client.BrowserClient]

== Making request POST http://localhost:8080/moovt/user/createUser parameters: ==
== Request headers: ============================================================
Accept-Encoding: gzip, deflate
Content-Type: application/json
Accept: */*
== Content =====================================================================

				{"tenantname":"MTaxi","firstName":"John","lastName":"Airjunkie","username":"jairjunkie","password":"Welcome!1","phone":"773-329-1784","email":"jairjunkie@mtaxi.com","locale":"en-US","passenger":{}}}
				
================================================================================
2013-09-03 04:51:06,812 [http-bio-8080-exec-1] INFO  common.UserController  - createUser params are: [action:createUser, controller:user] and model is : 
				{"tenantname":"MTaxi","firstName":"John","lastName":"Airjunkie","username":"jairjunkie","password":"Welcome!1","phone":"773-329-1784","email":"jairjunkie@mtaxi.com","locale":"en-US","passenger":{}}}
				

2013-09-03 04:51:06,817 [http-bio-8080-exec-1] INFO  common.UserController  - Creating a new user and/or driver and/or passenger

Interceptor createPage: TopLevelWindow[name=""]
Content of web window [TopLevelWindow[name=""]] changed
== Response was 200 (OK) headers: ==============================================
================================================================================
== Content =====================================================================
{"result":{"type":"USER","code":"SUCCESS","message":"User jairjunkie created"}, "additionalInfo":{"JSESSIONID":"89CED0126FFF9FD8A8C0E4638233167F"}}
================================================================================
#
--Output from testCreateUserPassengerWithTokenEnglish--
Switching to browser client [default]
Creating to new client [default] of type [class com.grailsrocks.functionaltest.client.BrowserClient]

== Making request POST http://localhost:8080/moovt/user/createUser parameters: ==
== Request headers: ============================================================
Accept-Encoding: gzip, deflate
Content-Type: application/json
Accept: */*
== Content =====================================================================

				{"tenantname":"MTaxi","firstName":"John","lastName":"TestToken","username":"testToken","password":"Welcome!1","phone":"773-329-1784","email":"testToken@moovt.com","locale":"en-US","apnsToken":"9a1cd75847e20f1a27132790dfe1a0cb4107f42da1a39c019dd1a0820fc5c504", "passenger":{}}}
				
================================================================================
2013-09-03 04:51:06,980 [http-bio-8080-exec-5] INFO  common.UserController  - createUser params are: [action:createUser, controller:user] and model is : 
				{"tenantname":"MTaxi","firstName":"John","lastName":"TestToken","username":"testToken","password":"Welcome!1","phone":"773-329-1784","email":"testToken@moovt.com","locale":"en-US","apnsToken":"9a1cd75847e20f1a27132790dfe1a0cb4107f42da1a39c019dd1a0820fc5c504", "passenger":{}}}
				

2013-09-03 04:51:06,984 [http-bio-8080-exec-5] INFO  common.UserController  - Creating a new user and/or driver and/or passenger

Interceptor createPage: TopLevelWindow[name=""]
Content of web window [TopLevelWindow[name=""]] changed
== Response was 200 (OK) headers: ==============================================
================================================================================
== Content =====================================================================
{"result":{"type":"USER","code":"SUCCESS","message":"User testToken created"}, "additionalInfo":{"JSESSIONID":"A28BCB1BFE033C2F00BF7ADF90C79358"}}
================================================================================
#
--Output from testUpdateUserDriverEnglish--
Switching to browser client [default]
Creating to new client [default] of type [class com.grailsrocks.functionaltest.client.BrowserClient]

== Making request POST http://localhost:8080/moovt/login/authenticateUser parameters: ==
== Request headers: ============================================================
Accept-Encoding: gzip, deflate
Content-Type: application/json
Accept: */*
== Content =====================================================================

				{"type":"Self","tenantname":"MTaxi","username":"wheatonCityDriverUser","password":"Welcome!1",locale:"pt_BR"}
				
================================================================================
2013-09-03 04:51:07,224 [http-bio-8080-exec-9] INFO  common.LoginController  - Authenticating user with params:[action:authenticateUser, controller:login]and model: 
				{"type":"Self","tenantname":"MTaxi","username":"wheatonCityDriverUser","password":"Welcome!1",locale:"pt_BR"}
				

2013-09-03 04:51:07,280 [http-bio-8080-exec-9] INFO  common.LoginController  - User has been successfully authenticated [ROLE_DRIVER]

2013-09-03 04:51:07,320 [http-bio-8080-exec-9] WARN  common.LoginController  - A user has a new apns token. The user id is 10

Interceptor createPage: TopLevelWindow[name=""]
Content of web window [TopLevelWindow[name=""]] changed
== Response was 200 (OK) headers: ==============================================
================================================================================
== Content =====================================================================
{"result":{"type":"USER","code":"SUCCESS","message":"Login successful."}, "additionalInfo":{"JSESSIONID":"B8755136C641519DAD452C2F4843C6C2","userType":"DRIVER"}}
================================================================================
#
== Making request POST http://localhost:8080/moovt/user/updateLoggedUser parameters: ==
== Request headers: ============================================================
Accept-Encoding: gzip, deflate
Content-Type: application/json
Accept: */*
== Content =====================================================================

				{"version":"4","firstName":"John","lastName":"OldWeathon","username":"wheatonCityDriverUser","password":"Welcome!1","phone":"773-329-1784","email":"oldWheaton@mtaxi.com","locale":"en-US","driver":{"servedLocation":{"locationName":"Functional Test Major Lopes, 55","politicalName":"Belo Horizonte, MG, BR","latitude":-19.9413628,"longitude":-43.9373064,"locationType":"RANGE_INTERPOLATED"},"carType":{"code":"B_VAN","description":"Van"},"activeStatus":{"code":"ENABLED","description":"Enabled"}}}
				
================================================================================
2013-09-03 04:51:07,383 [http-bio-8080-exec-9] INFO  common.UserController  - updateLoggedUser params are: [action:updateLoggedUser, controller:user] and model is : 
				{"version":"4","firstName":"John","lastName":"OldWeathon","username":"wheatonCityDriverUser","password":"Welcome!1","phone":"773-329-1784","email":"oldWheaton@mtaxi.com","locale":"en-US","driver":{"servedLocation":{"locationName":"Functional Test Major Lopes, 55","politicalName":"Belo Horizonte, MG, BR","latitude":-19.9413628,"longitude":-43.9373064,"locationType":"RANGE_INTERPOLATED"},"carType":{"code":"B_VAN","description":"Van"},"activeStatus":{"code":"ENABLED","description":"Enabled"}}}
				

2013-09-03 04:51:07,396 [http-bio-8080-exec-9] INFO  common.UserController  - Retrieved User: <com.moovt.common.User@3bcf52b springSecurityService=grails.plugins.springsecurity.SpringSecurityService@5ff88a81 username=wheatonCityDriverUser password=d1TzcRk41+KYYZXgaC0ek58Dc1KK6pDDVl3nFZPESAY= firstName=wheatonCityDriverUser lastName=Goodarm phone=800-800-2020 email=egoncalves@moovt.com apnsToken=null enabled=true accountExpired=false accountLocked=false passwordExpired=false locale=en_US tenantname=null tenantId=2 createdBy=2 lastUpdatedBy=2 dateCreated=2013-09-03 04:50:59.0 lastUpdated=2013-09-03 04:51:07.0 CRUDMessage=null errors=null id=10 version=1 passenger=null driver=com.moovt.taxi.Driver : 10>

2013-09-03 04:51:07,396 [http-bio-8080-exec-9] INFO  common.UserController  - Comparing retrieved User Version 1 with JSON Version 4

2013-09-03 04:51:07,452 [http-bio-8080-exec-9] INFO  common.UserController  - Updating servedLocation, carType, and activeStatus

2013-09-03 04:51:07,458 [http-bio-8080-exec-9] INFO  common.UserController  - Driver being saved <com.moovt.taxi.Driver@474ca86 activeStatus=ENABLED carType=B_VAN servedLocation=com.moovt.taxi.Location : 1 tenantId=2 createdBy=2 lastUpdatedBy=2 dateCreated=2013-09-03 04:50:59.0 lastUpdated=2013-09-03 04:50:59.0 CRUDMessage=null errors=null id=10 version=0 user=com.moovt.common.User : 10>

2013-09-03 04:51:07,474 [http-bio-8080-exec-9] INFO  common.UserController  - User being saved <com.moovt.common.User@3bcf52b springSecurityService=grails.plugins.springsecurity.SpringSecurityService@5ff88a81 username=wheatonCityDriverUser password=d1TzcRk41+KYYZXgaC0ek58Dc1KK6pDDVl3nFZPESAY= firstName=John lastName=OldWeathon phone=773-329-1784 email=oldWheaton@mtaxi.com apnsToken=null enabled=true accountExpired=false accountLocked=false passwordExpired=false locale=en-US tenantname=null tenantId=2 createdBy=2 lastUpdatedBy=2 dateCreated=2013-09-03 04:50:59.0 lastUpdated=Tue Sep 03 04:51:07 CDT 2013 CRUDMessage=null errors=grails.validation.ValidationErrors: 0 errors id=10 version=2 passenger=null driver=com.moovt.taxi.Driver : 10>

Interceptor createPage: TopLevelWindow[name=""]
Content of web window [TopLevelWindow[name=""]] changed
== Response was 200 (OK) headers: ==============================================
================================================================================
== Content =====================================================================
{"result":{"type":"USER","code":"SUCCESS","message":"User wheatonCityDriverUser updated"}, "user":{"id":10,"version":2,"username":"wheatonCityDriverUser","firstName":"John","lastName":"OldWeathon","phone":"773-329-1784","email":"oldWheaton@mtaxi.com","driver":{"servedLocation":{"locationName":"Functional Test Major Lopes, 55","politicalName":"Belo Horizonte, MG, BR","latitude":-19.9413628,"longitude":-43.9373064,"locationType":"RANGE_INTERPOLATED"},"carType":{"code":"B_VAN","description":"Van"},"activeStatus":{"code":"ENABLED","description":"Enabled"}}}}
================================================================================
#
--Output from testUpdateUserPassengerEnglish--
Switching to browser client [default]
Creating to new client [default] of type [class com.grailsrocks.functionaltest.client.BrowserClient]

== Making request POST http://localhost:8080/moovt/login/authenticateUser parameters: ==
== Request headers: ============================================================
Accept-Encoding: gzip, deflate
Content-Type: application/json
Accept: */*
== Content =====================================================================

				{"type":"Self","tenantname":"MTaxi","username":"jgoodrider","password":"Welcome!1",locale:"pt_BR"}
				
================================================================================
2013-09-03 04:51:07,561 [http-bio-8080-exec-3] INFO  common.LoginController  - Authenticating user with params:[action:authenticateUser, controller:login]and model: 
				{"type":"Self","tenantname":"MTaxi","username":"jgoodrider","password":"Welcome!1",locale:"pt_BR"}
				

2013-09-03 04:51:07,581 [http-bio-8080-exec-3] INFO  common.LoginController  - User has been successfully authenticated [ROLE_PASSENGER]

Interceptor createPage: TopLevelWindow[name=""]
Content of web window [TopLevelWindow[name=""]] changed
== Response was 200 (OK) headers: ==============================================
================================================================================
== Content =====================================================================
{"result":{"type":"USER","code":"SUCCESS","message":"Login successful."}, "additionalInfo":{"JSESSIONID":"7ECAFC40781D4BF2EB89AB2F68583B28","userType":"PASSENGER"}}
================================================================================
#
== Making request POST http://localhost:8080/moovt/user/updateLoggedUser parameters: ==
== Request headers: ============================================================
Accept-Encoding: gzip, deflate
Content-Type: application/json
Accept: */*
== Content =====================================================================

				{"version":"7","firstName":"John","lastName":"DecidedToBeADriver","username":"jgoodrider","password":"Welcome!1","phone":"773-329-1784","email":"jgoodrider@mtaxi.com","locale":"en-US","driver":{"servedLocation":{"locationName":"Rua Major Lopes, 55","politicalName":"Belo Horizonte, MG, BR","latitude":-19.9413628,"longitude":-43.9373064,"locationType":"RANGE_INTERPOLATED"},"carType":{"code":"B_VAN","description":"Van"},"activeStatus":{"code":"ENABLED","description":"Enabled"}}}
				
================================================================================
2013-09-03 04:51:07,621 [http-bio-8080-exec-11] INFO  common.UserController  - updateLoggedUser params are: [action:updateLoggedUser, controller:user] and model is : 
				{"version":"7","firstName":"John","lastName":"DecidedToBeADriver","username":"jgoodrider","password":"Welcome!1","phone":"773-329-1784","email":"jgoodrider@mtaxi.com","locale":"en-US","driver":{"servedLocation":{"locationName":"Rua Major Lopes, 55","politicalName":"Belo Horizonte, MG, BR","latitude":-19.9413628,"longitude":-43.9373064,"locationType":"RANGE_INTERPOLATED"},"carType":{"code":"B_VAN","description":"Van"},"activeStatus":{"code":"ENABLED","description":"Enabled"}}}
				

2013-09-03 04:51:07,630 [http-bio-8080-exec-11] INFO  common.UserController  - Retrieved User: <com.moovt.common.User@9c2a521 springSecurityService=grails.plugins.springsecurity.SpringSecurityService@5ff88a81 username=jgoodrider password=Hg+3yVgXNrxpuB0aW7vd5ivQkJXgvpwS3jJr2AdA7zo= firstName=John lastName=Goodrider phone=800-800-8080 email=jgoodrider@mtaxi.com apnsToken=null enabled=true accountExpired=false accountLocked=false passwordExpired=false locale=en_US tenantname=null tenantId=2 createdBy=2 lastUpdatedBy=2 dateCreated=2013-09-03 04:50:57.0 lastUpdated=2013-09-03 04:50:57.0 CRUDMessage=null errors=null id=6 version=0 passenger=com.moovt.taxi.Passenger : 6 driver=null>

2013-09-03 04:51:07,630 [http-bio-8080-exec-11] INFO  common.UserController  - Comparing retrieved User Version 0 with JSON Version 7

2013-09-03 04:51:07,632 [http-bio-8080-exec-11] INFO  common.UserController  - Creating driver

2013-09-03 04:51:07,650 [http-bio-8080-exec-11] INFO  common.UserController  - Driver being saved <com.moovt.taxi.Driver@489a7aa4 activeStatus=ENABLED carType=B_VAN servedLocation=com.moovt.taxi.Location : 23 tenantId=null createdBy=null lastUpdatedBy=null dateCreated=null lastUpdated=null CRUDMessage=null errors=grails.validation.ValidationErrors: 0 errors id=null version=null user=com.moovt.common.User : 6>

2013-09-03 04:51:07,670 [http-bio-8080-exec-11] INFO  common.UserController  - User being saved <com.moovt.common.User@9c2a521 springSecurityService=grails.plugins.springsecurity.SpringSecurityService@5ff88a81 username=jgoodrider password=Hg+3yVgXNrxpuB0aW7vd5ivQkJXgvpwS3jJr2AdA7zo= firstName=John lastName=DecidedToBeADriver phone=773-329-1784 email=jgoodrider@mtaxi.com apnsToken=null enabled=true accountExpired=false accountLocked=false passwordExpired=false locale=en-US tenantname=null tenantId=2 createdBy=2 lastUpdatedBy=2 dateCreated=2013-09-03 04:50:57.0 lastUpdated=Tue Sep 03 04:51:07 CDT 2013 CRUDMessage=null errors=grails.validation.ValidationErrors: 0 errors id=6 version=1 passenger=com.moovt.taxi.Passenger : 6 driver=com.moovt.taxi.Driver : 6>

Interceptor createPage: TopLevelWindow[name=""]
Content of web window [TopLevelWindow[name=""]] changed
== Response was 200 (OK) headers: ==============================================
================================================================================
== Content =====================================================================
{"result":{"type":"USER","code":"SUCCESS","message":"User jgoodrider updated"}, "user":{"id":6,"version":1,"username":"jgoodrider","firstName":"John","lastName":"DecidedToBeADriver","phone":"773-329-1784","email":"jgoodrider@mtaxi.com","driver":{"servedLocation":{"locationName":"Rua Major Lopes, 55","politicalName":"Belo Horizonte, MG, BR","latitude":-19.9413628,"longitude":-43.9373064,"locationType":"RANGE_INTERPOLATED"},"carType":{"code":"B_VAN","description":"Van"},"activeStatus":{"code":"ENABLED","description":"Enabled"}},"passenger":{}}}
================================================================================
#
--Output from testRetrieveAllUsersrEnglish--
Switching to browser client [default]
Creating to new client [default] of type [class com.grailsrocks.functionaltest.client.BrowserClient]

== Making request POST http://localhost:8080/moovt/login/authenticateUser parameters: ==
== Request headers: ============================================================
Accept-Encoding: gzip, deflate
Content-Type: application/json
Accept: */*
== Content =====================================================================

				{"type":"Self","tenantname": "MTaxi", "username": "admin", "password":"911admin","locale":"en_US"}
				
================================================================================
2013-09-03 04:51:07,753 [http-bio-8080-exec-3] INFO  common.LoginController  - Authenticating user with params:[action:authenticateUser, controller:login]and model: 
				{"type":"Self","tenantname": "MTaxi", "username": "admin", "password":"911admin","locale":"en_US"}
				

2013-09-03 04:51:07,775 [http-bio-8080-exec-3] INFO  common.LoginController  - User has been successfully authenticated [ROLE_ADMIN]

Interceptor createPage: TopLevelWindow[name=""]
Content of web window [TopLevelWindow[name=""]] changed
== Response was 200 (OK) headers: ==============================================
================================================================================
== Content =====================================================================
{"result":{"type":"USER","code":"SUCCESS","message":"Login successful."}, "additionalInfo":{"JSESSIONID":"01BFCA9AB9ED90DBBB0FCF521F594568","userType":"NO_TYPE"}}
================================================================================
#
== Making request POST http://localhost:8080/moovt/user/retrieveAllUsers parameters: ==
== Request headers: ============================================================
Accept-Encoding: gzip, deflate
Content-Type: application/json
Accept: */*
== Content =====================================================================

				{}
				
================================================================================
2013-09-03 04:51:07,816 [http-bio-8080-exec-12] INFO  common.UserController  - retrieveAllUsers params are: [action:retrieveAllUsers, controller:user] and model is : 
				{}
				

Interceptor createPage: TopLevelWindow[name=""]
Content of web window [TopLevelWindow[name=""]] changed
== Response was 200 (OK) headers: ==============================================
================================================================================
== Content =====================================================================
{"users":[{"id":6,"version":1,"username":"jgoodrider","firstName":"John","lastName":"DecidedToBeADriver","phone":"773-329-1784","email":"jgoodrider@mtaxi.com","driver":{"servedLocation":{"locationName":"Rua Major Lopes, 55","politicalName":"Belo Horizonte, MG, BR","latitude":-19.9413628,"longitude":-43.9373064,"locationType":"RANGE_INTERPOLATED"},"carType":{"code":"B_VAN","description":"Van"},"activeStatus":{"code":"ENABLED","description":"Enabled"}},"passenger":{}},{"id":10,"version":2,"username":"wheatonCityDriverUser","firstName":"John","lastName":"OldWeathon","phone":"773-329-1784","email":"oldWheaton@mtaxi.com","driver":{"servedLocation":{"locationName":"Functional Test Major Lopes, 55","politicalName":"Belo Horizonte, MG, BR","latitude":-19.9413628,"longitude":-43.9373064,"locationType":"RANGE_INTERPOLATED"},"carType":{"code":"B_VAN","description":"Van"},"activeStatus":{"code":"ENABLED","description":"Enabled"}}},{"id":20,"version":1,"username":"jairjunkie","firstName":"John","lastName":"Airjunkie","phone":"773-329-1784","email":"jairjunkie@mtaxi.com","passenger":{}},{"id":21,"version":1,"username":"testToken","firstName":"John","lastName":"TestToken","phone":"773-329-1784","email":"testToken@moovt.com","passenger":{}},{"id":19,"version":1,"username":"dultrafast","firstName":"David","lastName":"Ultrafast","phone":"773-329-1784","email":"dultrafast@mtaxi.com","driver":{"servedLocation":{"locationName":"ARua Major Lopes, 55","politicalName":"Belo Horizonte, MG, BR","latitude":-19.9413628,"longitude":-43.9373064,"locationType":"RANGE_INTERPOLATED"},"carType":{"code":"A_SEDAN","description":"Sedan"},"activeStatus":{"code":"ENABLED","description":"Enabled"}}},{"id":9,"version":0,"username":"napervilleCityDriverUser","firstName":"napervilleCityDriverUser","lastName":"Goodarm","phone":"800-800-2020","email":"egoncalves@moovt.com","driver":{"servedLocation":{"locationName":"Naperville","politicalName":"Illinois, United States","latitude":41.7858629,"longitude":-88.1472893,"locationType":"APPROXIMATE"},"carType":{"code":"B_VAN","description":"Van"},"activeStatus":{"code":"ENABLED","description":"Enabled"}}},{"id":11,"version":0,"username":"auroraCityDriverUser","firstName":"auroraCityDriverUser","lastName":"Goodarm","phone":"800-800-2020","email":"egoncalves@moovt.com","driver":{"servedLocation":{"locationName":"Aurora","politicalName":"Illinois, United States","latitude":41.7605849,"longitude":-88.32007150000001,"locationType":"APPROXIMATE"},"carType":{"code":"B_VAN","description":"Van"},"activeStatus":{"code":"ENABLED","description":"Enabled"}}},{"id":12,"version":0,"username":"plainfieldCityDriverUser","firstName":"plainfieldCityDriverUser","lastName":"Goodarm","phone":"800-800-2020","email":"egoncalves@moovt.com","driver":{"servedLocation":{"locationName":"Plainfield","politicalName":"Illinois, United States","latitude":41.632223,"longitude":-88.2120315,"locationType":"APPROXIMATE"},"carType":{"code":"B_VAN","description":"Van"},"activeStatus":{"code":"ENABLED","description":"Enabled"}}},{"id":13,"version":0,"username":"detroitCityDriverUser","firstName":"detroitCityDriverUser","lastName":"Goodarm","phone":"800-800-2020","email":"egoncalves@moovt.com","driver":{"servedLocation":{"locationName":"Detroit","politicalName":"Michigan, United States","latitude":42.331427,"longitude":-83.0457538,"locationType":"APPROXIMATE"},"carType":{"code":"B_VAN","description":"Van"},"activeStatus":{"code":"ENABLED","description":"Enabled"}}},{"id":14,"version":0,"username":"contagemCityDriverUser","firstName":"contagemCityDriverUser","lastName":"Goodarm","phone":"800-800-2020","email":"egoncalves@moovt.com","driver":{"servedLocation":{"locationName":"Contagem","politicalName":"Minas Gerais, Brazil","latitude":-19.9385599,"longitude":-44.0529377,"locationType":"APPROXIMATE"},"carType":{"code":"B_VAN","description":"Van"},"activeStatus":{"code":"ENABLED","description":"Enabled"}}},{"id":15,"version":0,"username":"vespasianoCityDriverUser","firstName":"vespasianoCityDriverUser","lastName":"Goodarm","phone":"800-800-2020","email":"egoncalves@moovt.com","driver":{"servedLocation":{"locationName":"Vespasiano","politicalName":"Minas Gerais, Brazil","latitude":-19.6933911,"longitude":-43.913722,"locationType":"APPROXIMATE"},"carType":{"code":"B_VAN","description":"Van"},"activeStatus":{"code":"ENABLED","description":"Enabled"}}},{"id":16,"version":0,"username":"carmoDoCajuruCityDriverUser","firstName":"carmoDoCajuruCityDriverUser","lastName":"Goodarm","phone":"800-800-2020","email":"egoncalves@moovt.com","driver":{"servedLocation":{"locationName":"Carmo do Cajuru","politicalName":"Minas Gerais, Brazil","latitude":-20.1870332,"longitude":-44.7731276,"locationType":"APPROXIMATE"},"carType":{"code":"B_VAN","description":"Van"},"activeStatus":{"code":"ENABLED","description":"Enabled"}}},{"id":17,"version":0,"username":"jWillGainApnsToken","firstName":"JWillGainApnsToken","lastName":"Goodarm","phone":"800-800-2020","email":"egoncalves@moovt.com","driver":{"servedLocation":{"locationName":"Naperville","politicalName":"Illinois, United States","latitude":41.7858629,"longitude":-88.1472893,"locationType":"APPROXIMATE"},"carType":{"code":"B_VAN","description":"Van"},"activeStatus":{"code":"ENABLED","description":"Enabled"}}},{"id":18,"version":0,"username":"jKeepApnsToken","firstName":"JKeepApnsToken","lastName":"Goodarm","phone":"800-800-2020","email":"egoncalves@moovt.com","driver":{"servedLocation":{"locationName":"Naperville","politicalName":"Illinois, United States","latitude":41.7858629,"longitude":-88.1472893,"locationType":"APPROXIMATE"},"carType":{"code":"B_VAN","description":"Van"},"activeStatus":{"code":"ENABLED","description":"Enabled"}}},{"id":7,"version":0,"username":"jgoodarm","firstName":"John","lastName":"Goodarm","phone":"800-800-2020","email":"jgoodarm@mtaxi.com","driver":{"servedLocation":{"locationName":"Naperville","politicalName":"Illinois, United States","latitude":41.7858629,"longitude":-88.1472893,"locationType":"APPROXIMATE"},"carType":{"code":"B_VAN","description":"Van"},"activeStatus":{"code":"ENABLED","description":"Enabled"}}},{"id":8,"version":0,"username":"jspeedy","firstName":"John","lastName":"Speedy","phone":"800-800-2020","email":"jspeedy@mtaxi.com","driver":{"servedLocation":{"locationName":"Naperville","politicalName":"Illinois, United States","latitude":41.7858629,"longitude":-88.1472893,"locationType":"APPROXIMATE"},"carType":{"code":"B_VAN","description":"Van"},"activeStatus":{"code":"ENABLED","description":"Enabled"}}},{"id":2,"version":0,"username":"admin","firstName":"Moovt","lastName":"Taxi","phone":"800-800-8080","email":"mtaxi@moovt.com"}]}
================================================================================
#
--Output from testRetrieveUserDetailByIdEnglish--
Switching to browser client [default]
Creating to new client [default] of type [class com.grailsrocks.functionaltest.client.BrowserClient]

== Making request POST http://localhost:8080/moovt/login/authenticateUser parameters: ==
== Request headers: ============================================================
Accept-Encoding: gzip, deflate
Content-Type: application/json
Accept: */*
== Content =====================================================================

				{"type":"Self","tenantname": "MTaxi", "username": "admin", "password":"911admin","locale":"en_US"}
				
================================================================================
2013-09-03 04:51:08,193 [http-bio-8080-exec-3] INFO  common.LoginController  - Authenticating user with params:[action:authenticateUser, controller:login]and model: 
				{"type":"Self","tenantname": "MTaxi", "username": "admin", "password":"911admin","locale":"en_US"}
				

2013-09-03 04:51:08,221 [http-bio-8080-exec-3] INFO  common.LoginController  - User has been successfully authenticated [ROLE_ADMIN]

Interceptor createPage: TopLevelWindow[name=""]
Content of web window [TopLevelWindow[name=""]] changed
== Response was 200 (OK) headers: ==============================================
================================================================================
== Content =====================================================================
{"result":{"type":"USER","code":"SUCCESS","message":"Login successful."}, "additionalInfo":{"JSESSIONID":"C08E9200EEADFA9BDE37791779F47C06","userType":"NO_TYPE"}}
================================================================================
#
== Making request POST http://localhost:8080/moovt/user/retrieveUserDetailById parameters: ==
== Request headers: ============================================================
Accept-Encoding: gzip, deflate
Content-Type: application/json
Accept: */*
== Content =====================================================================

				{"id":"6"}
				
================================================================================
2013-09-03 04:51:08,270 [http-bio-8080-exec-13] INFO  common.UserController  - retrieveUserDetailById params are: [action:retrieveUserDetailById, controller:user] and model is : 
				{"id":"6"}
				

Interceptor createPage: TopLevelWindow[name=""]
Content of web window [TopLevelWindow[name=""]] changed
== Response was 200 (OK) headers: ==============================================
================================================================================
== Content =====================================================================
{"user":{"id":6,"version":1,"username":"jgoodrider","firstName":"John","lastName":"DecidedToBeADriver","phone":"773-329-1784","email":"jgoodrider@mtaxi.com","driver":{"servedLocation":{"locationName":"Rua Major Lopes, 55","politicalName":"Belo Horizonte, MG, BR","latitude":-19.9413628,"longitude":-43.9373064,"locationType":"RANGE_INTERPOLATED"},"carType":{"code":"B_VAN","description":"Van"},"activeStatus":{"code":"ENABLED","description":"Enabled"}},"passenger":{}}}
================================================================================
#
--Output from testRetrieveLoggedUserDetailsIdEnglish--
Switching to browser client [default]
Creating to new client [default] of type [class com.grailsrocks.functionaltest.client.BrowserClient]

== Making request POST http://localhost:8080/moovt/login/authenticateUser parameters: ==
== Request headers: ============================================================
Accept-Encoding: gzip, deflate
Content-Type: application/json
Accept: */*
== Content =====================================================================

				{"type":"Self","tenantname":"MTaxi","username":"jgoodrider","password":"Welcome!1",locale:"pt_BR"}
				
================================================================================
2013-09-03 04:51:08,373 [http-bio-8080-exec-3] INFO  common.LoginController  - Authenticating user with params:[action:authenticateUser, controller:login]and model: 
				{"type":"Self","tenantname":"MTaxi","username":"jgoodrider","password":"Welcome!1",locale:"pt_BR"}
				

2013-09-03 04:51:08,400 [http-bio-8080-exec-3] INFO  common.LoginController  - User has been successfully authenticated [ROLE_DRIVER, ROLE_PASSENGER]

Interceptor createPage: TopLevelWindow[name=""]
Content of web window [TopLevelWindow[name=""]] changed
== Response was 200 (OK) headers: ==============================================
================================================================================
== Content =====================================================================
{"result":{"type":"USER","code":"SUCCESS","message":"Login successful."}, "additionalInfo":{"JSESSIONID":"5F9DE7F0466F687625875C0E2C88A9A8","userType":"PASSENGER"}}
================================================================================
#
== Making request POST http://localhost:8080/moovt/user/retrieveLoggedUserDetails parameters: ==
== Request headers: ============================================================
Accept-Encoding: gzip, deflate
Content-Type: application/json
Accept: */*
== Content =====================================================================

				{}
				
================================================================================
2013-09-03 04:51:08,589 [http-bio-8080-exec-14] INFO  common.UserController  - retrieveLoggedUserDetails params are: [action:retrieveLoggedUserDetails, controller:user] and model is : 
				{}
				

Interceptor createPage: TopLevelWindow[name=""]
Content of web window [TopLevelWindow[name=""]] changed
== Response was 200 (OK) headers: ==============================================
================================================================================
== Content =====================================================================
{"user":{"id":6,"version":1,"username":"jgoodrider","firstName":"John","lastName":"DecidedToBeADriver","phone":"773-329-1784","email":"jgoodrider@mtaxi.com","driver":{"servedLocation":{"locationName":"Rua Major Lopes, 55","politicalName":"Belo Horizonte, MG, BR","latitude":-19.9413628,"longitude":-43.9373064,"locationType":"RANGE_INTERPOLATED"},"carType":{"code":"B_VAN","description":"Van"},"activeStatus":{"code":"ENABLED","description":"Enabled"}},"passenger":{}}}
================================================================================
#
]]></system-out>
  <system-err><![CDATA[--Output from testGetActiveStatusEnumEnglish--
--Output from testGetActiveStatusEnumPortugues--
--Output from testGetCarTypeEnumEnglish--
--Output from testGetCarTypeEnumPortuguese--
--Output from testCreateUserDriverEnglish--
--Output from testCreateUserPassengerEnglish--
--Output from testCreateUserPassengerWithTokenEnglish--
--Output from testUpdateUserDriverEnglish--
--Output from testUpdateUserPassengerEnglish--
--Output from testRetrieveAllUsersrEnglish--
--Output from testRetrieveUserDetailByIdEnglish--
--Output from testRetrieveLoggedUserDetailsIdEnglish--
]]></system-err>
</testsuite>
