<?xml version="1.0" encoding="UTF-8" ?>
<testsuite errors="0" failures="0" hostname="Eduardo-Goncalvess-MacBook-Pro.local" name="com.moovt.LocationFunctionalTests" tests="5" time="1.705" timestamp="2013-09-20T22:37:48">
  <properties />
  <testcase classname="com.moovt.LocationFunctionalTests" name="testSearchCity" time="1.297" />
  <testcase classname="com.moovt.LocationFunctionalTests" name="testSearchStreet" time="0.123" />
  <testcase classname="com.moovt.LocationFunctionalTests" name="testSearchBadJSON" time="0.063" />
  <testcase classname="com.moovt.LocationFunctionalTests" name="testState" time="0.147" />
  <testcase classname="com.moovt.LocationFunctionalTests" name="testSearchNoLocation" time="0.065" />
  <system-out><![CDATA[--Output from testSearchCity--
Switching to browser client [default]
Creating to new client [default] of type [class com.grailsrocks.functionaltest.client.BrowserClient]

== Making request POST http://localhost:8080/moovt/location/search parameters: ==
== Request headers: ============================================================
Accept-Encoding: gzip, deflate
Content-Type: application/json
Accept: */*
== Content =====================================================================

{"location":"Belo Horizonte, MG"}	
				
================================================================================
2013-09-20 17:37:48,698 [http-bio-8080-exec-9] INFO  taxi.LocationController  - search params are: [action:search, controller:location] and model is : 
{"location":"Belo Horizonte, MG"}	
				

2013-09-20 17:37:49,877 [http-bio-8080-exec-9] INFO  taxi.LocationController  - About to render locations (1/2)

2013-09-20 17:37:49,878 [http-bio-8080-exec-9] INFO  taxi.LocationController  - Rendering locations [{"locationName":"Belo Horizonte","politicalName":"Minas Gerais, Brazil","latitude":-19.9190677,"longitude":-43.9385747,"locationType":"APPROXIMATE"}]

2013-09-20 17:37:49,878 [http-bio-8080-exec-9] INFO  taxi.LocationController  - About to render locations (2/2)

2013-09-20 17:37:49,880 [http-bio-8080-exec-9] INFO  taxi.LocationController  - Locations rendered

Interceptor createPage: TopLevelWindow[name=""]
Content of web window [TopLevelWindow[name=""]] changed
== Response was 200 (OK) headers: ==============================================
================================================================================
== Content =====================================================================
{"locations":[{"locationName":"Belo Horizonte","politicalName":"Minas Gerais, Brazil","latitude":-19.9190677,"longitude":-43.9385747,"locationType":"APPROXIMATE"}]}
================================================================================
#
--Output from testSearchStreet--
Switching to browser client [default]
Creating to new client [default] of type [class com.grailsrocks.functionaltest.client.BrowserClient]

== Making request POST http://localhost:8080/moovt/location/search parameters: ==
== Request headers: ============================================================
Accept-Encoding: gzip, deflate
Content-Type: application/json
Accept: */*
== Content =====================================================================

{"location":"Rua Major Lopes 55, Belo Horizonte, MG"}	
				
================================================================================
2013-09-20 17:37:49,921 [http-bio-8080-exec-2] INFO  taxi.LocationController  - search params are: [action:search, controller:location] and model is : 
{"location":"Rua Major Lopes 55, Belo Horizonte, MG"}	
				

2013-09-20 17:37:50,002 [http-bio-8080-exec-2] INFO  taxi.LocationController  - About to render locations (1/2)

2013-09-20 17:37:50,003 [http-bio-8080-exec-2] INFO  taxi.LocationController  - Rendering locations [{"locationName":"Rua Major Lopes, 55","politicalName":"Belo Horizonte, MG, BR","latitude":-19.9413629,"longitude":-43.9373061,"locationType":"RANGE_INTERPOLATED"}]

2013-09-20 17:37:50,003 [http-bio-8080-exec-2] INFO  taxi.LocationController  - About to render locations (2/2)

2013-09-20 17:37:50,003 [http-bio-8080-exec-2] INFO  taxi.LocationController  - Locations rendered

Interceptor createPage: TopLevelWindow[name=""]
Content of web window [TopLevelWindow[name=""]] changed
== Response was 200 (OK) headers: ==============================================
================================================================================
== Content =====================================================================
{"locations":[{"locationName":"Rua Major Lopes, 55","politicalName":"Belo Horizonte, MG, BR","latitude":-19.9413629,"longitude":-43.9373061,"locationType":"RANGE_INTERPOLATED"}]}
================================================================================
#
--Output from testSearchBadJSON--
Switching to browser client [default]
Creating to new client [default] of type [class com.grailsrocks.functionaltest.client.BrowserClient]

== Making request POST http://localhost:8080/moovt/location/search parameters: ==
== Request headers: ============================================================
Accept-Encoding: gzip, deflate
Content-Type: application/json
Accept: */*
== Content =====================================================================

================================================================================
2013-09-20 17:37:50,048 [http-bio-8080-exec-5] INFO  taxi.LocationController  - search params are: [action:search, controller:location] and model is : 

Interceptor createPage: TopLevelWindow[name=""]
Content of web window [TopLevelWindow[name=""]] changed
== Response was 200 (OK) headers: ==============================================
================================================================================
== Content =====================================================================
{"result":{"type":"SYSTEM","code":"ERROR","message":"A JSONObject text must begin with '{' at character 0 of "}}
================================================================================
#
--Output from testState--
Switching to browser client [default]
Creating to new client [default] of type [class com.grailsrocks.functionaltest.client.BrowserClient]

== Making request POST http://localhost:8080/moovt/location/search parameters: ==
== Request headers: ============================================================
Accept-Encoding: gzip, deflate
Content-Type: application/json
Accept: */*
== Content =====================================================================

{"location":"MG"}	
				
================================================================================
2013-09-20 17:37:50,117 [http-bio-8080-exec-8] INFO  taxi.LocationController  - search params are: [action:search, controller:location] and model is : 
{"location":"MG"}	
				

2013-09-20 17:37:50,214 [http-bio-8080-exec-8] INFO  taxi.LocationController  - About to render locations (1/2)

2013-09-20 17:37:50,215 [http-bio-8080-exec-8] INFO  taxi.LocationController  - Rendering locations []

2013-09-20 17:37:50,215 [http-bio-8080-exec-8] INFO  taxi.LocationController  - About to render locations (2/2)

2013-09-20 17:37:50,215 [http-bio-8080-exec-8] INFO  taxi.LocationController  - Locations rendered

Interceptor createPage: TopLevelWindow[name=""]
Content of web window [TopLevelWindow[name=""]] changed
== Response was 200 (OK) headers: ==============================================
================================================================================
== Content =====================================================================
{"locations":[]}
================================================================================
#
--Output from testSearchNoLocation--
Switching to browser client [default]
Creating to new client [default] of type [class com.grailsrocks.functionaltest.client.BrowserClient]

== Making request POST http://localhost:8080/moovt/location/search parameters: ==
== Request headers: ============================================================
Accept-Encoding: gzip, deflate
Content-Type: application/json
Accept: */*
== Content =====================================================================

{"thisMustBeLocation":"Rua Major Lopes 55, Belo Horizonte, MG"}				
================================================================================
2013-09-20 17:37:50,272 [http-bio-8080-exec-6] INFO  taxi.LocationController  - search params are: [action:search, controller:location] and model is : 
{"thisMustBeLocation":"Rua Major Lopes 55, Belo Horizonte, MG"}				

Interceptor createPage: TopLevelWindow[name=""]
Content of web window [TopLevelWindow[name=""]] changed
== Response was 200 (OK) headers: ==============================================
================================================================================
== Content =====================================================================
{"result":{"type":"SYSTEM","code":"ERROR","message":"Input JSON must contain a location element"}}{"result":{"type":"SYSTEM","code":"ERROR","message":"Unable to call googlemaps null"}}
================================================================================
#
]]></system-out>
  <system-err><![CDATA[--Output from testSearchCity--
--Output from testSearchStreet--
--Output from testSearchBadJSON--
2013-09-20 17:37:50,065 [http-bio-8080-exec-5] ERROR moovt.HandlerService  - A generic exception occurred A JSONObject text must begin with '{' at character 0 of 

--Output from testState--
--Output from testSearchNoLocation--
2013-09-20 17:37:50,284 [http-bio-8080-exec-6] ERROR moovt.HandlerService  - A generic exception occurred Unable to call googlemaps null

]]></system-err>
</testsuite>
