<?xml version="1.0" encoding="UTF-8" ?>
<testsuite errors="0" failures="0" hostname="Eduardo-Goncalvess-MacBook-Pro.local" name="com.moovt.LocationFunctionalTests" tests="5" time="5.786" timestamp="2013-09-03T09:51:08">
  <properties />
  <testcase classname="com.moovt.LocationFunctionalTests" name="testSearchBadJSON" time="0.185" />
  <testcase classname="com.moovt.LocationFunctionalTests" name="testSearchNoLocation" time="0.09" />
  <testcase classname="com.moovt.LocationFunctionalTests" name="testSearchCity" time="4.745" />
  <testcase classname="com.moovt.LocationFunctionalTests" name="testSearchStreet" time="0.564" />
  <testcase classname="com.moovt.LocationFunctionalTests" name="testState" time="0.192" />
  <system-out><![CDATA[--Output from testSearchBadJSON--
Switching to browser client [default]
Creating to new client [default] of type [class com.grailsrocks.functionaltest.client.BrowserClient]

== Making request POST http://localhost:8080/moovt/location/search parameters: ==
== Request headers: ============================================================
Accept-Encoding: gzip, deflate
Content-Type: application/json
Accept: */*
== Content =====================================================================

================================================================================
2013-09-03 04:51:08,811 [http-bio-8080-exec-3] INFO  taxi.LocationController  - search params are: [action:search, controller:location] and model is : 

Interceptor createPage: TopLevelWindow[name=""]
Content of web window [TopLevelWindow[name=""]] changed
== Response was 200 (OK) headers: ==============================================
================================================================================
== Content =====================================================================
{"result":{"type":"SYSTEM","code":"ERROR","message":"A JSONObject text must begin with '{' at character 0 of "}}
================================================================================
#
--Output from testSearchNoLocation--
Switching to browser client [default]
Creating to new client [default] of type [class com.grailsrocks.functionaltest.client.BrowserClient]

== Making request POST http://localhost:8080/moovt/location/search parameters: ==
== Request headers: ============================================================
Accept-Encoding: gzip, deflate
Content-Type: application/json
Accept: */*
== Content =====================================================================

{"thisMustBeLocation":"Rua Major Lopes 55, Belo Horizonte, MG"}				
================================================================================
2013-09-03 04:51:08,869 [http-bio-8080-exec-6] INFO  taxi.LocationController  - search params are: [action:search, controller:location] and model is : 
{"thisMustBeLocation":"Rua Major Lopes 55, Belo Horizonte, MG"}				

Interceptor createPage: TopLevelWindow[name=""]
Content of web window [TopLevelWindow[name=""]] changed
== Response was 200 (OK) headers: ==============================================
================================================================================
== Content =====================================================================
{"result":{"type":"SYSTEM","code":"ERROR","message":"Input JSON must contain a location element"}}{"result":{"type":"SYSTEM","code":"ERROR","message":"Unable to call googlemaps null"}}
================================================================================
#
--Output from testSearchCity--
Switching to browser client [default]
Creating to new client [default] of type [class com.grailsrocks.functionaltest.client.BrowserClient]

== Making request POST http://localhost:8080/moovt/location/search parameters: ==
== Request headers: ============================================================
Accept-Encoding: gzip, deflate
Content-Type: application/json
Accept: */*
== Content =====================================================================

{"location":"Belo Horizonte, MG"}	
				
================================================================================
2013-09-03 04:51:08,956 [http-bio-8080-exec-4] INFO  taxi.LocationController  - search params are: [action:search, controller:location] and model is : 
{"location":"Belo Horizonte, MG"}	
				

2013-09-03 04:51:13,662 [http-bio-8080-exec-4] INFO  taxi.LocationController  - About to render locations (1/2)

2013-09-03 04:51:13,664 [http-bio-8080-exec-4] INFO  taxi.LocationController  - Rendering locations [{"locationName":"Belo Horizonte","politicalName":"Minas Gerais, Brazil","latitude":-19.9190677,"longitude":-43.9385747,"locationType":"null"}]

2013-09-03 04:51:13,664 [http-bio-8080-exec-4] INFO  taxi.LocationController  - About to render locations (2/2)

2013-09-03 04:51:13,665 [http-bio-8080-exec-4] INFO  taxi.LocationController  - Locations rendered

Interceptor createPage: TopLevelWindow[name=""]
Content of web window [TopLevelWindow[name=""]] changed
== Response was 200 (OK) headers: ==============================================
================================================================================
== Content =====================================================================
{"locations":[{"locationName":"Belo Horizonte","politicalName":"Minas Gerais, Brazil","latitude":-19.9190677,"longitude":-43.9385747,"locationType":"null"}]}
================================================================================
#
--Output from testSearchStreet--
Switching to browser client [default]
Creating to new client [default] of type [class com.grailsrocks.functionaltest.client.BrowserClient]

== Making request POST http://localhost:8080/moovt/location/search parameters: ==
== Request headers: ============================================================
Accept-Encoding: gzip, deflate
Content-Type: application/json
Accept: */*
== Content =====================================================================

{"location":"Rua Major Lopes 55, Belo Horizonte, MG"}	
				
================================================================================
2013-09-03 04:51:13,907 [http-bio-8080-exec-5] INFO  taxi.LocationController  - search params are: [action:search, controller:location] and model is : 
{"location":"Rua Major Lopes 55, Belo Horizonte, MG"}	
				

2013-09-03 04:51:14,227 [http-bio-8080-exec-5] INFO  taxi.LocationController  - About to render locations (1/2)

2013-09-03 04:51:14,228 [http-bio-8080-exec-5] INFO  taxi.LocationController  - Rendering locations [{"locationName":"","politicalName":"Belo Horizonte, MG, BR","latitude":-19.9413629,"longitude":-43.9373061,"locationType":"null"}]

2013-09-03 04:51:14,228 [http-bio-8080-exec-5] INFO  taxi.LocationController  - About to render locations (2/2)

2013-09-03 04:51:14,228 [http-bio-8080-exec-5] INFO  taxi.LocationController  - Locations rendered

Interceptor createPage: TopLevelWindow[name=""]
Content of web window [TopLevelWindow[name=""]] changed
== Response was 200 (OK) headers: ==============================================
================================================================================
== Content =====================================================================
{"locations":[{"locationName":"","politicalName":"Belo Horizonte, MG, BR","latitude":-19.9413629,"longitude":-43.9373061,"locationType":"null"}]}
================================================================================
#
--Output from testState--
Switching to browser client [default]
Creating to new client [default] of type [class com.grailsrocks.functionaltest.client.BrowserClient]

== Making request POST http://localhost:8080/moovt/location/search parameters: ==
== Request headers: ============================================================
Accept-Encoding: gzip, deflate
Content-Type: application/json
Accept: */*
== Content =====================================================================

{"location":"MG"}	
				
================================================================================
2013-09-03 04:51:14,276 [http-bio-8080-exec-1] INFO  taxi.LocationController  - search params are: [action:search, controller:location] and model is : 
{"location":"MG"}	
				

2013-09-03 04:51:14,426 [http-bio-8080-exec-1] INFO  taxi.LocationController  - About to render locations (1/2)

2013-09-03 04:51:14,427 [http-bio-8080-exec-1] INFO  taxi.LocationController  - Rendering locations []

2013-09-03 04:51:14,427 [http-bio-8080-exec-1] INFO  taxi.LocationController  - About to render locations (2/2)

2013-09-03 04:51:14,427 [http-bio-8080-exec-1] INFO  taxi.LocationController  - Locations rendered

Interceptor createPage: TopLevelWindow[name=""]
Content of web window [TopLevelWindow[name=""]] changed
== Response was 200 (OK) headers: ==============================================
================================================================================
== Content =====================================================================
{"locations":[]}
================================================================================
#
]]></system-out>
  <system-err><![CDATA[--Output from testSearchBadJSON--
--Output from testSearchNoLocation--
--Output from testSearchCity--
--Output from testSearchStreet--
--Output from testState--
]]></system-err>
</testsuite>
